<?xml version="1.0" encoding="UTF-8"?>
<testng-results ignored="0" total="1" passed="1" failed="0" skipped="0">
  <reporter-output>
  </reporter-output>
  <suite started-at="2026-03-09T10:08:53 IST" name="FlightBookingSuite" finished-at="2026-03-09T10:08:58 IST" duration-ms="5497">
    <groups>
    </groups>
    <test started-at="2026-03-09T10:08:53 IST" name="FlightBookingTest" finished-at="2026-03-09T10:08:58 IST" duration-ms="5497">
      <class name="tests.FlightBookingTest">
        <test-method is-config="true" signature="setup()[pri:0, instance:tests.FlightBookingTest@618b19ad]" started-at="2026-03-09T10:08:53 IST" name="setup" finished-at="2026-03-09T10:08:56 IST" duration-ms="3120" status="PASS">
          <reporter-output>
          </reporter-output>
        </test-method> <!-- setup -->
        <test-method signature="bookFlightTest()[pri:0, instance:tests.FlightBookingTest@618b19ad]" started-at="2026-03-09T10:08:56 IST" name="bookFlightTest" finished-at="2026-03-09T10:08:58 IST" duration-ms="2178" status="PASS">
          <reporter-output>
          </reporter-output>
        </test-method> <!-- bookFlightTest -->
        <test-method is-config="true" signature="tearDown()[pri:0, instance:tests.FlightBookingTest@618b19ad]" started-at="2026-03-09T10:08:58 IST" name="tearDown" finished-at="2026-03-09T10:08:58 IST" duration-ms="164" status="PASS">
          <reporter-output>
          </reporter-output>
        </test-method> <!-- tearDown -->
      </class> <!-- tests.FlightBookingTest -->
    </test> <!-- FlightBookingTest -->
  </suite> <!-- FlightBookingSuite -->
</testng-results>
